0 info it worked if it ends with ok
1 verbose cli [ '/usr/bin/node',
1 verbose cli   '/usr/bin/npm',
1 verbose cli   'install',
1 verbose cli   '--save-dev',
1 verbose cli   'libsass' ]
2 info using npm@1.4.3
3 info using node@v0.10.26
4 verbose node symlink /usr/bin/node
5 verbose readDependencies using package.json deps
6 verbose cache add [ 'libsass', null ]
7 verbose cache add name=undefined spec="libsass" args=["libsass",null]
8 verbose parsed url { protocol: null,
8 verbose parsed url   slashes: null,
8 verbose parsed url   auth: null,
8 verbose parsed url   host: null,
8 verbose parsed url   port: null,
8 verbose parsed url   hostname: null,
8 verbose parsed url   hash: null,
8 verbose parsed url   search: null,
8 verbose parsed url   query: null,
8 verbose parsed url   pathname: 'libsass',
8 verbose parsed url   path: 'libsass',
8 verbose parsed url   href: 'libsass' }
9 silly lockFile bb93a93c-libsass libsass
10 verbose lock libsass /home/jordan/.npm/bb93a93c-libsass.lock
11 silly lockFile bb93a93c-libsass libsass
12 silly lockFile bb93a93c-libsass libsass
13 verbose addNamed [ 'libsass', '' ]
14 verbose addNamed [ null, '*' ]
15 silly lockFile f34f7d57-libsass libsass@
16 verbose lock libsass@ /home/jordan/.npm/f34f7d57-libsass.lock
17 silly addNameRange { name: 'libsass', range: '*', hasData: false }
18 verbose url raw libsass
19 verbose url resolving [ 'https://registry.npmjs.org/', './libsass' ]
20 verbose url resolved https://registry.npmjs.org/libsass
21 info trying registry request attempt 1 at 16:05:13
22 http GET https://registry.npmjs.org/libsass
23 http 404 https://registry.npmjs.org/libsass
24 silly registry.get cb [ 404,
24 silly registry.get   { date: 'Thu, 13 Mar 2014 20:05:12 GMT',
24 silly registry.get     server: 'CouchDB/1.5.0 (Erlang OTP/R16B)',
24 silly registry.get     'content-type': 'application/json',
24 silly registry.get     'cache-control': 'max-age=0',
24 silly registry.get     'content-length': '52',
24 silly registry.get     'accept-ranges': 'bytes',
24 silly registry.get     via: '1.1 varnish',
24 silly registry.get     age: '0',
24 silly registry.get     'x-served-by': 'cache-v43-ASH',
24 silly registry.get     'x-cache': 'MISS',
24 silly registry.get     'x-cache-hits': '0',
24 silly registry.get     'x-timer': 'S1394741112.779134512,VS0,VE17',
24 silly registry.get     'keep-alive': 'timeout=10, max=50',
24 silly registry.get     connection: 'Keep-Alive' } ]
25 silly lockFile f34f7d57-libsass libsass@
26 silly lockFile f34f7d57-libsass libsass@
27 error 404 'libsass' is not in the npm registry.
27 error 404 You should bug the author to publish it
27 error 404 It was specified as a dependency of 'mom'
27 error 404
27 error 404 Note that you can also install from a
27 error 404 tarball, folder, or http url, or git url.
28 error System Linux 3.11.0-18-generic
29 error command "/usr/bin/node" "/usr/bin/npm" "install" "--save-dev" "libsass"
30 error cwd /home/jordan/Documents/Repos/mom
31 error node -v v0.10.26
32 error npm -v 1.4.3
33 error code E404
34 verbose exit [ 1, true ]
